2014-08-27 15:40:47.177+0000 INFO  [org.neo4j]: No locking implementation specified, defaulting to 'community'
2014-08-27 15:40:47.253+0000 INFO  [org.neo4j]: --- INITIALIZED diagnostics START ---
2014-08-27 15:40:47.254+0000 INFO  [org.neo4j]: Neo4j Kernel properties:
    neostore.propertystore.db.mapped_memory=222M
    neostore.nodestore.db.mapped_memory=61M
    neostore.relationshipstore.db.mapped_memory=272M
    neostore.propertystore.db.strings.mapped_memory=189M
    store_dir=target/neo4j-hello-db
    neostore.propertystore.db.arrays.mapped_memory=214M
    ephemeral=false
2014-08-27 15:40:47.259+0000 INFO  [org.neo4j]: Diagnostics providers:
    org.neo4j.kernel.configuration.Config
    org.neo4j.kernel.info.DiagnosticsManager
    SYSTEM_MEMORY
    JAVA_MEMORY
    OPERATING_SYSTEM
    JAVA_VIRTUAL_MACHINE
    CLASSPATH
    LIBRARY_PATH
    SYSTEM_PROPERTIES
    NETWORK
2014-08-27 15:40:47.259+0000 INFO  [org.neo4j]: System memory information:
    Total Physical memory: 15,95 GB
    Free Physical memory: 11,67 GB
    Committed virtual memory: 469,51 MB
    Total swap space: 31,91 GB
    Free swap space: 25,52 GB
2014-08-27 15:40:47.262+0000 INFO  [org.neo4j]: JVM memory information:
    Free  memory: 216,58 MB
    Total memory: 245,00 MB
    Max   memory: 3,55 GB
    Garbage Collector: PS Scavenge: [PS Eden Space, PS Survivor Space]
    Garbage Collector: PS MarkSweep: [PS Eden Space, PS Survivor Space, PS Old Gen, PS Perm Gen]
    Memory Pool: Code Cache (Non-heap memory): committed=2,44 MB, used=543,19 kB, max=48,00 MB, threshold=0,00 B
    Memory Pool: PS Eden Space (Heap memory): committed=64,50 MB, used=28,42 MB, max=1,31 GB, threshold=?
    Memory Pool: PS Survivor Space (Heap memory): committed=10,50 MB, used=0,00 B, max=10,50 MB, threshold=?
    Memory Pool: PS Old Gen (Heap memory): committed=170,00 MB, used=0,00 B, max=2,66 GB, threshold=0,00 B
    Memory Pool: PS Perm Gen (Non-heap memory): committed=21,00 MB, used=6,25 MB, max=82,00 MB, threshold=0,00 B
2014-08-27 15:40:47.266+0000 INFO  [org.neo4j]: Operating system information:
    Operating System: Windows 7; version: 6.1; arch: amd64; cpus: 8
    Process id: 4340@Pete-II
    Byte order: LITTLE_ENDIAN
    Local timezone: Europe/Helsinki
2014-08-27 15:40:47.275+0000 INFO  [org.neo4j]: JVM information:
    VM Name: Java HotSpot(TM) 64-Bit Server VM
    VM Vendor: Oracle Corporation
    VM Version: 24.55-b03
    JIT compiler: HotSpot 64-Bit Tiered Compilers
    VM Arguments: [-Dfile.encoding=UTF-8]
2014-08-27 15:40:47.275+0000 INFO  [org.neo4j]: Java classpath:
     [classpath + loader.0] file:/C:/Users/Kaur/.m2/repository/commons-collections/commons-collections/3.2.1/commons-collections-3.2.1.jar
     [classpath + loader.0] file:/C:/Users/Kaur/.m2/repository/org/springframework/social/spring-social-core/1.0.3.RELEASE/spring-social-core-1.0.3.RELEASE.jar
     [classpath + loader.0] file:/C:/Users/Kaur/.m2/repository/javassist/javassist/3.12.1.GA/javassist-3.12.1.GA.jar
     [bootstrap] C:\Program Files\Java\jdk1.7.0_55\jre\lib\resources.jar
     [classpath + loader.0] file:/C:/Users/Kaur/.m2/repository/org/springframework/spring-web/3.1.0.RELEASE/spring-web-3.1.0.RELEASE.jar
     [classpath + loader.0] file:/C:/Users/Kaur/.m2/repository/org/parboiled/parboiled-scala_2.10/1.1.6/parboiled-scala_2.10-1.1.6.jar
     [classpath + loader.0] file:/C:/Users/Kaur/.m2/repository/org/neo4j/neo4j-cypher-compiler-2.0/2.0.3/neo4j-cypher-compiler-2.0-2.0.3.jar
     [classpath] C:\Program Files\Apache Software Foundation\Tomcat 7.0\lib\annotations-api.jar
     [classpath + loader.0] file:/C:/Users/Kaur/.m2/repository/org/springframework/spring-orm/3.1.0.RELEASE/spring-orm-3.1.0.RELEASE.jar
     [classpath + loader.0] file:/C:/Users/Kaur/.m2/repository/org/springframework/spring-core/3.1.0.RELEASE/spring-core-3.1.0.RELEASE.jar
     [classpath + loader.0] file:/C:/Users/Kaur/.m2/repository/org/jboss/jandex/1.0.3.Final/jandex-1.0.3.Final.jar
     [loader.0] file:/C:/Program%20Files/Apache%20Software%20Foundation/Tomcat%207.0/lib/websocket-api.jar
     [classpath + loader.0] file:/C:/Users/Kaur/.m2/repository/org/aspectj/aspectjweaver/1.7.4/aspectjweaver-1.7.4.jar
     [classpath + loader.0] file:/C:/Users/Kaur/.m2/repository/org/scala-lang/scala-library/2.10.4/scala-library-2.10.4.jar
     [loader.0] file:/C:/Program%20Files/Apache%20Software%20Foundation/Tomcat%207.0/lib/tomcat-jdbc.jar
     [classpath] C:\Program Files\Apache Software Foundation\Tomcat 7.0\lib\tomcat-i18n-ja.jar
     [classpath] C:\Program Files\Apache Software Foundation\Tomcat 7.0\lib\jasper.jar
     [classpath] C:\Program Files\Apache Software Foundation\Tomcat 7.0\lib\tomcat-dbcp.jar
     [classpath + loader.0] file:/C:/Users/Kaur/.m2/repository/org/postgresql/postgresql/9.3-1101-jdbc41/postgresql-9.3-1101-jdbc41.jar
     [classpath + loader.0] file:/C:/Users/Kaur/.m2/repository/org/springframework/spring-aspects/3.2.8.RELEASE/spring-aspects-3.2.8.RELEASE.jar
     [bootstrap] C:\Program Files\Java\jdk1.7.0_55\jre\classes
     [classpath + loader.0] file:/C:/Users/Kaur/.m2/repository/org/neo4j/neo4j-cypher/2.1.3/neo4j-cypher-2.1.3.jar
     [classpath + loader.0] file:/C:/Users/Kaur/.m2/repository/log4j/log4j/1.2.16/log4j-1.2.16.jar
     [classpath + loader.0] file:/C:/Users/Kaur/.m2/repository/org/springframework/spring-tx/3.1.0.RELEASE/spring-tx-3.1.0.RELEASE.jar
     [loader.0] file:/C:/Program%20Files/Apache%20Software%20Foundation/Tomcat%207.0/lib/tomcat-api.jar
     [loader.1] file:/C:/Program%20Files/Java/jdk1.7.0_55/jre/lib/ext/dnsns.jar
     [classpath + loader.0] file:/C:/Users/Kaur/.m2/repository/org/slf4j/jcl-over-slf4j/1.7.6/jcl-over-slf4j-1.7.6.jar
     [classpath + loader.0] file:/C:/Users/Kaur/.m2/repository/antlr/antlr/2.7.7/antlr-2.7.7.jar
     [classpath + loader.0] file:/C:/Users/Kaur/.m2/repository/org/codehaus/jackson/jackson-mapper-asl/1.9.13/jackson-mapper-asl-1.9.13.jar
     [loader.0] file:/C:/Program%20Files/Apache%20Software%20Foundation/Tomcat%207.0/lib/catalina-tribes.jar
     [classpath + loader.0] file:/C:/Users/Kaur/.m2/repository/com/fasterxml/classmate/0.5.4/classmate-0.5.4.jar
     [classpath] C:\Program Files\Apache Software Foundation\Tomcat 7.0\lib\jasper-el.jar
     [classpath + loader.0] file:/C:/Users/Kaur/.m2/repository/org/springframework/spring-webmvc/3.1.0.RELEASE/spring-webmvc-3.1.0.RELEASE.jar
     [classpath] C:\Program Files\Apache Software Foundation\Tomcat 7.0\lib\catalina-ant.jar
     [loader.0] file:/C:/Program%20Files/Apache%20Software%20Foundation/Tomcat%207.0/lib/annotations-api.jar
     [loader.1] file:/C:/Program%20Files/Java/jdk1.7.0_55/jre/lib/ext/jaccess.jar
     [classpath + loader.0] file:/C:/Users/Kaur/.m2/repository/org/apache/oltu/oauth2/org.apache.oltu.oauth2.client/0.31/org.apache.oltu.oauth2.client-0.31.jar
     [classpath] C:\Program Files\Apache Software Foundation\Tomcat 7.0\lib\tomcat-i18n-fr.jar
     [classpath + loader.0] file:/C:/Users/Kaur/.m2/repository/dom4j/dom4j/1.6.1/dom4j-1.6.1.jar
     [classpath] C:\Program Files\Apache Software Foundation\Tomcat 7.0\lib\catalina-ha.jar
     [classpath + loader.0] file:/C:/Users/Kaur/.m2/repository/javax/servlet/jstl/1.2/jstl-1.2.jar
     [classpath + loader.0] file:/C:/Users/Kaur/.m2/repository/com/googlecode/concurrentlinkedhashmap/concurrentlinkedhashmap-lru/1.3.1/concurrentlinkedhashmap-lru-1.3.1.jar
     [bootstrap] C:\Program Files\Java\jdk1.7.0_55\jre\lib\sunrsasign.jar
     [classpath] C:\Program Files\Apache Software Foundation\Tomcat 7.0\lib\el-api.jar
     [bootstrap] C:\Program Files\Java\jdk1.7.0_55\jre\lib\rt.jar
     [classpath + loader.0] file:/C:/Users/Kaur/.m2/repository/org/springframework/security/spring-security-acl/3.1.0.RELEASE/spring-security-acl-3.1.0.RELEASE.jar
     [classpath] C:\Program Files\Apache Software Foundation\Tomcat 7.0\lib\websocket-api.jar
     [loader.1] file:/C:/Program%20Files/Java/jdk1.7.0_55/jre/lib/ext/sunjce_provider.jar
     [classpath + loader.0] file:/C:/Users/Kaur/.m2/repository/commons-fileupload/commons-fileupload/1.2.2/commons-fileupload-1.2.2.jar
     [classpath + loader.0] file:/C:/Users/Kaur/.m2/repository/org/apache/oltu/oauth2/org.apache.oltu.oauth2.common/0.31/org.apache.oltu.oauth2.common-0.31.jar
     [classpath + loader.0] file:/C:/Users/Kaur/.m2/repository/commons-io/commons-io/1.3.2/commons-io-1.3.2.jar
     [classpath] C:\Program Files\Apache Software Foundation\Tomcat 7.0\lib\tomcat-coyote.jar
     [classpath + loader.0] file:/C:/Users/Kaur/.m2/repository/org/neo4j/neo4j-primitive-collections/2.1.3/neo4j-primitive-collections-2.1.3.jar
     [classpath + loader.0] file:/C:/Users/Kaur/.m2/repository/org/springframework/social/spring-social-facebook/1.0.3.RELEASE/spring-social-facebook-1.0.3.RELEASE.jar
     [classpath + loader.0] file:/C:/Users/Kaur/.m2/repository/javax/servlet/javax.servlet-api/3.0.1/javax.servlet-api-3.0.1.jar
     [classpath + loader.0] file:/C:/Users/Kaur/.m2/repository/org/neo4j/neo4j-graph-matching/2.1.3/neo4j-graph-matching-2.1.3.jar
     [classpath + loader.0] file:/C:/Users/Kaur/.m2/repository/org/apache/lucene/lucene-core/3.6.2/lucene-core-3.6.2.jar
     [loader.0] file:/C:/Program%20Files/Apache%20Software%20Foundation/Tomcat%207.0/lib/tomcat-i18n-ja.jar
     [loader.0] file:/C:/Program%20Files/Apache%20Software%20Foundation/Tomcat%207.0/lib/tomcat-coyote.jar
     [classpath + loader.0] file:/C:/Users/Kaur/.m2/repository/commons-dbcp/commons-dbcp/1.4/commons-dbcp-1.4.jar
     [classpath + loader.0] file:/C:/Users/Kaur/.m2/repository/org/slf4j/slf4j-api/1.6.1/slf4j-api-1.6.1.jar
     [loader.0] file:/C:/Program%20Files/Apache%20Software%20Foundation/Tomcat%207.0/lib/tomcat-dbcp.jar
     [classpath + loader.0] file:/C:/Users/Kaur/.m2/repository/org/neo4j/neo4j-graph-algo/2.1.3/neo4j-graph-algo-2.1.3.jar
     [classpath + loader.0] file:/C:/Users/Kaur/.m2/repository/org/springframework/spring-context/3.1.0.RELEASE/spring-context-3.1.0.RELEASE.jar
     [classpath + loader.0] file:/C:/Users/Kaur/.m2/repository/javax/servlet/jsp/jstl/javax.servlet.jsp.jstl-api/1.2.1/javax.servlet.jsp.jstl-api-1.2.1.jar
     [bootstrap] C:\Program Files\Java\jdk1.7.0_55\jre\lib\jfr.jar
     [classpath + loader.0] file:/C:/Users/Kaur/.m2/repository/org/springframework/spring-aop/3.1.0.RELEASE/spring-aop-3.1.0.RELEASE.jar
     [loader.0] file:/C:/Program%20Files/Apache%20Software%20Foundation/Tomcat%207.0/lib/tomcat-i18n-fr.jar
     [classpath + loader.0] file:/C:/Users/Kaur/.m2/repository/org/neo4j/neo4j-kernel/2.1.3/neo4j-kernel-2.1.3.jar
     [classpath + loader.0] file:/C:/Users/Kaur/.m2/repository/org/springframework/security/spring-security-core/3.1.0.RELEASE/spring-security-core-3.1.0.RELEASE.jar
     [classpath + loader.0] file:/C:/Users/Kaur/.m2/repository/org/neo4j/neo4j-cypher-dsl/2.0.1/neo4j-cypher-dsl-2.0.1.jar
     [loader.0] file:/C:/Program%20Files/Apache%20Software%20Foundation/Tomcat%207.0/lib/tomcat-i18n-es.jar
     [classpath + loader.0] file:/C:/Users/Kaur/.m2/repository/org/springframework/spring-context-support/3.1.0.RELEASE/spring-context-support-3.1.0.RELEASE.jar
     [classpath] C:\Program Files\Apache Software Foundation\Tomcat 7.0\lib\catalina-tribes.jar
     [classpath + loader.0] file:/C:/Users/Kaur/workspace/kodurestoranid/target/classes/
     [loader.0] file:/C:/Program%20Files/Apache%20Software%20Foundation/Tomcat%207.0/lib/ecj-P20140317-1600.jar
     [loader.0] file:/C:/Program%20Files/Apache%20Software%20Foundation/Tomcat%207.0/lib/jsp-api.jar
     [classpath + loader.0] file:/C:/Users/Kaur/.m2/repository/org/neo4j/neo4j/2.1.3/neo4j-2.1.3.jar
     [classpath + loader.0] file:/C:/Users/Kaur/.m2/repository/org/springframework/security/spring-security-web/3.1.0.RELEASE/spring-security-web-3.1.0.RELEASE.jar
     [bootstrap] C:\Program Files\Java\jdk1.7.0_55\jre\lib\jce.jar
     [classpath + loader.0] file:/C:/Users/Kaur/.m2/repository/org/springframework/spring-asm/3.1.0.RELEASE/spring-asm-3.1.0.RELEASE.jar
     [classpath + loader.0] file:/C:/Users/Kaur/.m2/repository/org/neo4j/neo4j-cypher-commons/2.1.3/neo4j-cypher-commons-2.1.3.jar
     [classpath + loader.0] file:/C:/Users/Kaur/.m2/repository/mysql/mysql-connector-java/5.1.18/mysql-connector-java-5.1.18.jar
     [classpath + loader.0] file:/C:/Users/Kaur/.m2/repository/org/springframework/spring-beans/3.1.0.RELEASE/spring-beans-3.1.0.RELEASE.jar
     [bootstrap] C:\Program Files\Java\jdk1.7.0_55\jre\lib\jsse.jar
     [classpath + loader.0] file:/C:/Users/Kaur/.m2/repository/org/neo4j/neo4j-udc/2.1.3/neo4j-udc-2.1.3.jar
     [classpath] C:\Program Files\Apache Software Foundation\Tomcat 7.0\lib\tomcat-api.jar
     [loader.0] file:/C:/Program%20Files/Apache%20Software%20Foundation/Tomcat%207.0/lib/catalina-ha.jar
     [loader.0] file:/C:/Program%20Files/Apache%20Software%20Foundation/Tomcat%207.0/lib/tomcat-util.jar
     [classpath + loader.0] file:/C:/Users/Kaur/.m2/repository/org/aspectj/aspectjrt/1.7.4/aspectjrt-1.7.4.jar
     [classpath] C:\Program Files\Apache Software Foundation\Tomcat 7.0\lib\tomcat-jdbc.jar
     [classpath] C:\Program Files\Apache Software Foundation\Tomcat 7.0\lib\tomcat-util.jar
     [classpath + loader.0] file:/C:/Users/Kaur/.m2/repository/org/springframework/data/spring-data-commons/1.7.2.RELEASE/spring-data-commons-1.7.2.RELEASE.jar
     [classpath + loader.0] file:/C:/Users/Kaur/.m2/repository/org/neo4j/neo4j-jmx/2.1.3/neo4j-jmx-2.1.3.jar
     [classpath + loader.0] file:/C:/Users/Kaur/.m2/repository/org/neo4j/neo4j-cypher-compiler-2.1/2.1.3/neo4j-cypher-compiler-2.1-2.1.3.jar
     [loader.0] file:/C:/Program%20Files/Apache%20Software%20Foundation/Tomcat%207.0/lib/tomcat7-websocket.jar
     [classpath] C:\Program Files\Apache Software Foundation\Tomcat 7.0\lib\jsp-api.jar
     [classpath + loader.0] file:/C:/Users/Kaur/.m2/repository/aopalliance/aopalliance/1.0/aopalliance-1.0.jar
     [classpath] C:\Program Files\Apache Software Foundation\Tomcat 7.0\lib\servlet-api.jar
     [classpath + loader.0] file:/C:/Users/Kaur/.m2/repository/org/springframework/security/spring-security-crypto/3.1.0.RELEASE/spring-security-crypto-3.1.0.RELEASE.jar
     [classpath + loader.0] file:/C:/Users/Kaur/.m2/repository/org/neo4j/neo4j-cypher-compiler-1.9/2.0.3/neo4j-cypher-compiler-1.9-2.0.3.jar
     [classpath + loader.0] file:/C:/Users/Kaur/.m2/repository/org/jboss/logging/jboss-logging/3.1.0.CR2/jboss-logging-3.1.0.CR2.jar
     [classpath + loader.0] file:/C:/Users/Kaur/.m2/repository/org/jboss/spec/javax/transaction/jboss-transaction-api_1.1_spec/1.0.0.Final/jboss-transaction-api_1.1_spec-1.0.0.Final.jar
     [classpath + loader.0] file:/C:/Users/Kaur/.m2/repository/org/springframework/spring-expression/3.1.0.RELEASE/spring-expression-3.1.0.RELEASE.jar
     [classpath + loader.0] file:/C:/Users/Kaur/.m2/repository/org/neo4j/neo4j-lucene-index/2.1.3/neo4j-lucene-index-2.1.3.jar
     [classpath + loader.0] file:/C:/Users/Kaur/.m2/repository/org/springframework/spring-jdbc/3.1.0.RELEASE/spring-jdbc-3.1.0.RELEASE.jar
     [loader.0] file:/C:/Program%20Files/Apache%20Software%20Foundation/Tomcat%207.0/lib/catalina.jar
     [loader.0] file:/C:/Program%20Files/Apache%20Software%20Foundation/Tomcat%207.0/lib/servlet-api.jar
     [classpath + loader.0] file:/C:/Users/Kaur/.m2/repository/commons-codec/commons-codec/1.8/commons-codec-1.8.jar
     [loader.0] file:/C:/Program%20Files/Apache%20Software%20Foundation/Tomcat%207.0/lib/jasper-el.jar
     [classpath + loader.0] file:/C:/Users/Kaur/.m2/repository/org/hibernate/common/hibernate-commons-annotations/4.0.1.Final/hibernate-commons-annotations-4.0.1.Final.jar
     [classpath + loader.0] file:/C:/Users/Kaur/.m2/repository/org/hibernate/hibernate-core/4.0.0.Final/hibernate-core-4.0.0.Final.jar
     [classpath] C:\Program Files\Apache Software Foundation\Tomcat 7.0\lib\catalina.jar
     [classpath + loader.0] file:/C:/Users/Kaur/.m2/repository/org/springframework/data/spring-data-neo4j/3.0.2.RELEASE/spring-data-neo4j-3.0.2.RELEASE.jar
     [classpath + loader.0] file:/C:/Users/Kaur/.m2/repository/commons-pool/commons-pool/1.5.4/commons-pool-1.5.4.jar
     [classpath] C:\Program Files\Apache Software Foundation\Tomcat 7.0\lib\ecj-P20140317-1600.jar
     [classpath + loader.0] file:/C:/Users/Kaur/.m2/repository/commons-beanutils/commons-beanutils/1.8.3/commons-beanutils-1.8.3.jar
     [classpath + loader.0] file:/C:/Users/Kaur/.m2/repository/org/hibernate/javax/persistence/hibernate-jpa-2.0-api/1.0.1.Final/hibernate-jpa-2.0-api-1.0.1.Final.jar
     [classpath + loader.0] file:/C:/Users/Kaur/.m2/repository/org/codehaus/jackson/jackson-core-asl/1.9.13/jackson-core-asl-1.9.13.jar
     [loader.0] file:/C:/Program%20Files/Apache%20Software%20Foundation/Tomcat%207.0/lib/catalina-ant.jar
     [loader.1] file:/C:/Program%20Files/Java/jdk1.7.0_55/jre/lib/ext/sunmscapi.jar
     [classpath + loader.0] file:/C:/Users/Kaur/.m2/repository/org/parboiled/parboiled-core/1.1.6/parboiled-core-1.1.6.jar
     [classpath + loader.0] file:/C:/Users/Kaur/.m2/repository/org/springframework/security/spring-security-taglibs/3.1.0.RELEASE/spring-security-taglibs-3.1.0.RELEASE.jar
     [classpath + loader.0] file:/C:/Users/Kaur/.m2/repository/org/codehaus/jettison/jettison/1.2/jettison-1.2.jar
     [loader.1] file:/C:/Program%20Files/Java/jdk1.7.0_55/jre/lib/ext/localedata.jar
     [classpath + loader.0] file:/C:/Users/Kaur/.m2/repository/net/sf/opencsv/opencsv/2.0/opencsv-2.0.jar
     [loader.0] file:/C:/Program%20Files/Apache%20Software%20Foundation/Tomcat%207.0/lib/el-api.jar
     [classpath + loader.0] file:/C:/Users/Kaur/.m2/repository/commons-logging/commons-logging/1.1.1/commons-logging-1.1.1.jar
     [classpath + loader.0] file:/C:/Users/Kaur/.m2/repository/xml-apis/xml-apis/1.0.b2/xml-apis-1.0.b2.jar
     [loader.0] file:/C:/Program%20Files/Apache%20Software%20Foundation/Tomcat%207.0/lib/jasper.jar
     [bootstrap] C:\Program Files\Java\jdk1.7.0_55\jre\lib\charsets.jar
     [classpath] C:\Program Files\Apache Software Foundation\Tomcat 7.0\lib\tomcat-i18n-es.jar
     [loader.1] file:/C:/Program%20Files/Java/jdk1.7.0_55/jre/lib/ext/sunec.jar
     [classpath] C:\Program Files\Apache Software Foundation\Tomcat 7.0\lib\tomcat7-websocket.jar
     [loader.1] file:/C:/Program%20Files/Java/jdk1.7.0_55/jre/lib/ext/zipfs.jar
     [classpath + loader.0] file:/C:/Users/Kaur/.m2/repository/org/springframework/security/spring-security-config/3.1.0.RELEASE/spring-security-config-3.1.0.RELEASE.jar
     [loader.1] file:/C:/Program%20Files/Java/jdk1.7.0_55/jre/lib/ext/access-bridge-64.jar
     [classpath + loader.0] file:/C:/Users/Kaur/.m2/repository/org/apache/geronimo/specs/geronimo-jta_1.1_spec/1.1.1/geronimo-jta_1.1_spec-1.1.1.jar
2014-08-27 15:40:47.298+0000 INFO  [org.neo4j]: Library path:
    C:\Program Files\Java\jdk1.7.0_55\bin
    C:\Windows\Sun\Java\bin
    C:\Windows\System32
    C:\Windows
    C:\Program Files (x86)\NVIDIA Corporation\PhysX\Common
    C:\Windows\System32
    C:\Windows
    C:\Windows\System32\wbem
    C:\Windows\System32\WindowsPowerShell\v1.0
    C:\Program Files (x86)\Estonian ID Card
    C:\apache-maven-3.2.2\bin
    C:\Program Files\TortoiseSVN\bin
    C:\Program Files\MySQL\MySQL Server 5.6\bin
    C:\Users\Kaur\workspace\kodurestoranid
2014-08-27 15:40:47.300+0000 INFO  [org.neo4j]: System.properties:
    sun.boot.library.path = C:\Program Files\Java\jdk1.7.0_55\jre\bin
    user.country.format = EE
    path.separator = ;
    file.encoding.pkg = sun.io
    user.country = US
    user.script = 
    sun.java.launcher = SUN_STANDARD
    sun.os.patch.level = Service Pack 1
    user.dir = C:\Users\Kaur\workspace\kodurestoranid
    user.variant = 
    sun.jnu.encoding = Cp1257
    sun.management.compiler = HotSpot 64-Bit Tiered Compilers
    user.home = C:\Users\Kaur
    user.timezone = Europe/Helsinki
    file.encoding = UTF-8
    user.name = Kaur
    sun.java.command = tests.EmbeddedNeo4j
    sun.arch.data.model = 64
    user.language = en
    user.language.format = et
    awt.toolkit = sun.awt.windows.WToolkit
    file.separator = \
    sun.io.unicode.encoding = UnicodeLittle
    sun.cpu.endian = little
    sun.desktop = windows
    sun.cpu.isalist = amd64
2014-08-27 15:40:47.300+0000 INFO  [org.neo4j]: Network information:
    Interface Software Loopback Interface 1:
        address: 127.0.0.1
        address: 0:0:0:0:0:0:0:1
    Interface WAN Miniport (SSTP):
    Interface WAN Miniport (L2TP):
    Interface WAN Miniport (PPTP):
    Interface WAN Miniport (PPPOE):
    Interface WAN Miniport (IPv6):
    Interface WAN Miniport (Network Monitor):
    Interface WAN Miniport (IP):
    Interface RAS Async Adapter:
    Interface WAN Miniport (IKEv2):
    Interface Realtek PCIe GBE Family Controller:
        address: 192.168.1.66
        address: fe80:0:0:0:c511:4725:652c:5ef3%11
    Interface Microsoft ISATAP Adapter:
        address: fe80:0:0:0:0:5efe:c0a8:142%12
    Interface Teredo Tunneling Pseudo-Interface:
        address: 2001:0:9d38:6ab8:24dd:2eff:abcd:efc2
        address: fe80:0:0:0:24dd:2eff:abcd:efc2%13
    Interface Realtek PCIe GBE Family Controller-QoS Packet Scheduler-0000:
    Interface Realtek PCIe GBE Family Controller-WFP LightWeight Filter-0000:
    Interface WAN Miniport (IPv6)-QoS Packet Scheduler-0000:
    Interface WAN Miniport (IP)-QoS Packet Scheduler-0000:
    Interface WAN Miniport (Network Monitor)-QoS Packet Scheduler-0000:
2014-08-27 15:40:47.321+0000 INFO  [org.neo4j]: --- INITIALIZED diagnostics END ---
2014-08-27 15:40:47.430+0000 INFO  [org.neo4j]: Creating new db @ target\neo4j-hello-db\neostore
2014-08-27 15:40:47.651+0000 INFO  [org.neo4j]: [target\neo4j-hello-db\neostore.relationshiptypestore.db.names] brickCount=0 brickSize=0b mappedMem=0b (storeSize=38b)
2014-08-27 15:40:47.654+0000 INFO  [org.neo4j]: [target\neo4j-hello-db\neostore.relationshiptypestore.db] brickCount=0 brickSize=0b mappedMem=0b (storeSize=0b)
2014-08-27 15:40:47.662+0000 INFO  [org.neo4j]: target\neo4j-hello-db\neostore.relationshiptypestore.db.names hit=0 miss=0 switches=0 ooe=0
2014-08-27 15:40:47.678+0000 INFO  [org.neo4j]: target\neo4j-hello-db\neostore.relationshiptypestore.db hit=0 miss=0 switches=0 ooe=0
2014-08-27 15:40:47.722+0000 INFO  [org.neo4j]: [target\neo4j-hello-db\neostore.labeltokenstore.db.names] brickCount=0 brickSize=0b mappedMem=0b (storeSize=38b)
2014-08-27 15:40:47.725+0000 INFO  [org.neo4j]: [target\neo4j-hello-db\neostore.labeltokenstore.db] brickCount=0 brickSize=0b mappedMem=0b (storeSize=0b)
2014-08-27 15:40:47.729+0000 INFO  [org.neo4j]: target\neo4j-hello-db\neostore.labeltokenstore.db.names hit=0 miss=0 switches=0 ooe=0
2014-08-27 15:40:47.745+0000 INFO  [org.neo4j]: target\neo4j-hello-db\neostore.labeltokenstore.db hit=0 miss=0 switches=0 ooe=0
2014-08-27 15:40:47.809+0000 INFO  [org.neo4j]: [target\neo4j-hello-db\neostore.relationshiptypestore.db.names] brickCount=0 brickSize=0b mappedMem=0b (storeSize=38b)
2014-08-27 15:40:47.810+0000 INFO  [org.neo4j]: [target\neo4j-hello-db\neostore.relationshiptypestore.db] brickCount=0 brickSize=0b mappedMem=0b (storeSize=0b)
2014-08-27 15:40:47.812+0000 INFO  [org.neo4j]: [target\neo4j-hello-db\neostore.labeltokenstore.db.names] brickCount=0 brickSize=0b mappedMem=0b (storeSize=38b)
2014-08-27 15:40:47.813+0000 INFO  [org.neo4j]: [target\neo4j-hello-db\neostore.labeltokenstore.db] brickCount=0 brickSize=0b mappedMem=0b (storeSize=0b)
2014-08-27 15:40:47.815+0000 INFO  [org.neo4j]: [target\neo4j-hello-db\neostore.propertystore.db.strings] brickCount=0 brickSize=198144b mappedMem=198180864b (storeSize=128b)
2014-08-27 15:40:47.816+0000 INFO  [org.neo4j]: [target\neo4j-hello-db\neostore.propertystore.db.index.keys] brickCount=0 brickSize=0b mappedMem=0b (storeSize=38b)
2014-08-27 15:40:47.818+0000 INFO  [org.neo4j]: [target\neo4j-hello-db\neostore.propertystore.db.index] brickCount=0 brickSize=0b mappedMem=0b (storeSize=0b)
2014-08-27 15:40:47.820+0000 INFO  [org.neo4j]: [target\neo4j-hello-db\neostore.propertystore.db.arrays] brickCount=0 brickSize=224384b mappedMem=224395264b (storeSize=128b)
2014-08-27 15:40:47.825+0000 INFO  [org.neo4j]: [target\neo4j-hello-db\neostore.propertystore.db] brickCount=0 brickSize=2327816b mappedMem=232783872b (storeSize=0b)
2014-08-27 15:40:47.830+0000 INFO  [org.neo4j]: [target\neo4j-hello-db\neostore.relationshipstore.db] brickCount=0 brickSize=2852124b mappedMem=285212672b (storeSize=0b)
2014-08-27 15:40:47.832+0000 INFO  [org.neo4j]: [target\neo4j-hello-db\neostore.nodestore.db.labels] brickCount=0 brickSize=0b mappedMem=0b (storeSize=68b)
2014-08-27 15:40:47.836+0000 INFO  [org.neo4j]: [target\neo4j-hello-db\neostore.nodestore.db] brickCount=0 brickSize=639630b mappedMem=63963136b (storeSize=0b)
2014-08-27 15:40:47.837+0000 INFO  [org.neo4j]: [target\neo4j-hello-db\neostore.schemastore.db] brickCount=0 brickSize=0b mappedMem=0b (storeSize=64b)
2014-08-27 15:40:47.841+0000 INFO  [org.neo4j]: [target\neo4j-hello-db\neostore.relationshipgroupstore.db] brickCount=0 brickSize=0b mappedMem=0b (storeSize=25b)
2014-08-27 15:40:47.842+0000 INFO  [org.neo4j]: [target\neo4j-hello-db\neostore] brickCount=0 brickSize=0b mappedMem=0b (storeSize=0b)
2014-08-27 15:40:47.856+0000 INFO  [org.neo4j]: target\neo4j-hello-db\neostore.relationshiptypestore.db.names hit=0 miss=0 switches=0 ooe=0
2014-08-27 15:40:47.873+0000 INFO  [org.neo4j]: target\neo4j-hello-db\neostore.relationshiptypestore.db hit=0 miss=0 switches=0 ooe=0
2014-08-27 15:40:47.891+0000 INFO  [org.neo4j]: target\neo4j-hello-db\neostore.labeltokenstore.db.names hit=0 miss=0 switches=0 ooe=0
2014-08-27 15:40:47.906+0000 INFO  [org.neo4j]: target\neo4j-hello-db\neostore.labeltokenstore.db hit=0 miss=0 switches=0 ooe=0
2014-08-27 15:40:47.924+0000 INFO  [org.neo4j]: target\neo4j-hello-db\neostore.propertystore.db.strings hit=0 miss=0 switches=0 ooe=0
2014-08-27 15:40:47.939+0000 INFO  [org.neo4j]: target\neo4j-hello-db\neostore.propertystore.db.index.keys hit=0 miss=0 switches=0 ooe=0
2014-08-27 15:40:47.954+0000 INFO  [org.neo4j]: target\neo4j-hello-db\neostore.propertystore.db.index hit=0 miss=0 switches=0 ooe=0
2014-08-27 15:40:47.969+0000 INFO  [org.neo4j]: target\neo4j-hello-db\neostore.propertystore.db.arrays hit=0 miss=0 switches=0 ooe=0
2014-08-27 15:40:48.435+0000 INFO  [org.neo4j]: target\neo4j-hello-db\neostore.propertystore.db hit=0 miss=0 switches=0 ooe=0
2014-08-27 15:40:48.450+0000 INFO  [org.neo4j]: target\neo4j-hello-db\neostore.relationshipstore.db hit=0 miss=0 switches=0 ooe=0
2014-08-27 15:40:48.464+0000 INFO  [org.neo4j]: target\neo4j-hello-db\neostore.nodestore.db.labels hit=0 miss=0 switches=0 ooe=0
2014-08-27 15:40:48.479+0000 INFO  [org.neo4j]: target\neo4j-hello-db\neostore.nodestore.db hit=0 miss=0 switches=0 ooe=0
2014-08-27 15:40:48.494+0000 INFO  [org.neo4j]: target\neo4j-hello-db\neostore.schemastore.db hit=0 miss=0 switches=0 ooe=0
2014-08-27 15:40:48.511+0000 INFO  [org.neo4j]: target\neo4j-hello-db\neostore.relationshipgroupstore.db hit=0 miss=0 switches=0 ooe=0
2014-08-27 15:40:48.526+0000 INFO  [org.neo4j]: target\neo4j-hello-db\neostore hit=0 miss=8 switches=0 ooe=0
2014-08-27 15:40:48.550+0000 INFO  [org.neo4j]: [target\neo4j-hello-db\neostore.relationshiptypestore.db.names] brickCount=0 brickSize=0b mappedMem=0b (storeSize=38b)
2014-08-27 15:40:48.552+0000 INFO  [org.neo4j]: [target\neo4j-hello-db\neostore.relationshiptypestore.db] brickCount=0 brickSize=0b mappedMem=0b (storeSize=0b)
2014-08-27 15:40:48.553+0000 INFO  [org.neo4j]: [target\neo4j-hello-db\neostore.labeltokenstore.db.names] brickCount=0 brickSize=0b mappedMem=0b (storeSize=38b)
2014-08-27 15:40:48.555+0000 INFO  [org.neo4j]: [target\neo4j-hello-db\neostore.labeltokenstore.db] brickCount=0 brickSize=0b mappedMem=0b (storeSize=0b)
2014-08-27 15:40:48.556+0000 INFO  [org.neo4j]: [target\neo4j-hello-db\neostore.propertystore.db.strings] brickCount=0 brickSize=198144b mappedMem=198180864b (storeSize=128b)
2014-08-27 15:40:48.557+0000 INFO  [org.neo4j]: [target\neo4j-hello-db\neostore.propertystore.db.index.keys] brickCount=0 brickSize=0b mappedMem=0b (storeSize=38b)
2014-08-27 15:40:48.559+0000 INFO  [org.neo4j]: [target\neo4j-hello-db\neostore.propertystore.db.index] brickCount=0 brickSize=0b mappedMem=0b (storeSize=0b)
2014-08-27 15:40:48.560+0000 INFO  [org.neo4j]: [target\neo4j-hello-db\neostore.propertystore.db.arrays] brickCount=0 brickSize=224384b mappedMem=224395264b (storeSize=128b)
2014-08-27 15:40:48.562+0000 INFO  [org.neo4j]: [target\neo4j-hello-db\neostore.propertystore.db] brickCount=0 brickSize=2327816b mappedMem=232783872b (storeSize=0b)
2014-08-27 15:40:48.562+0000 INFO  [org.neo4j]: [target\neo4j-hello-db\neostore.relationshipstore.db] brickCount=0 brickSize=2852124b mappedMem=285212672b (storeSize=0b)
2014-08-27 15:40:48.563+0000 INFO  [org.neo4j]: [target\neo4j-hello-db\neostore.nodestore.db.labels] brickCount=0 brickSize=0b mappedMem=0b (storeSize=68b)
2014-08-27 15:40:48.564+0000 INFO  [org.neo4j]: [target\neo4j-hello-db\neostore.nodestore.db] brickCount=0 brickSize=639630b mappedMem=63963136b (storeSize=0b)
2014-08-27 15:40:48.564+0000 INFO  [org.neo4j]: [target\neo4j-hello-db\neostore.schemastore.db] brickCount=0 brickSize=0b mappedMem=0b (storeSize=64b)
2014-08-27 15:40:48.565+0000 INFO  [org.neo4j]: [target\neo4j-hello-db\neostore.relationshipgroupstore.db] brickCount=0 brickSize=0b mappedMem=0b (storeSize=25b)
2014-08-27 15:40:48.566+0000 INFO  [org.neo4j]: [target\neo4j-hello-db\neostore] brickCount=0 brickSize=0b mappedMem=0b (storeSize=63b)
2014-08-27 15:40:48.634+0000 INFO  [org.neo4j]: No lucene scan store index found, this might just be first use. Preparing to rebuild.
2014-08-27 15:40:48.654+0000 INFO  [org.neo4j]: No lucene scan store index found, this might just be first use. Preparing to rebuild.
2014-08-27 15:40:48.722+0000 INFO  [org.neo4j]: Opened logical log [target\neo4j-hello-db\nioneo_logical.log.1] version=0, lastTxId=1 (clean)
2014-08-27 15:40:48.738+0000 INFO  [org.neo4j]: Rebuilding lucene scan store, this may take a while
2014-08-27 15:40:48.739+0000 INFO  [org.neo4j]: Lucene scan store rebuilt (roughly -1 nodes)
2014-08-27 15:40:48.742+0000 INFO  [org.neo4j]: TM new log: tm_tx_log.1
2014-08-27 15:40:48.751+0000 INFO  [org.neo4j]: Kernel health set to OK
2014-08-27 15:40:48.769+0000 INFO  [org.neo4j]: Opened logical log [target\neo4j-hello-db\index\lucene.log.1] version=0, lastTxId=1 (clean)
2014-08-27 15:40:48.779+0000 INFO  [org.neo4j]: --- STARTED diagnostics for KernelDiagnostics:Versions START ---
2014-08-27 15:40:48.779+0000 INFO  [org.neo4j]: Graph Database: org.neo4j.kernel.EmbeddedGraphDatabase StoreId[time:1409154047435, id:6008364614757736138, store version: -2]
2014-08-27 15:40:48.779+0000 INFO  [org.neo4j]: Kernel version: Neo4j - Graph Database Kernel (neo4j-kernel), version: 2.1.3
2014-08-27 15:40:48.779+0000 INFO  [org.neo4j]: Neo4j component versions:
2014-08-27 15:40:48.783+0000 INFO  [org.neo4j]:   Neo4j - JMX support (neo4j-jmx), version: 2.1.3; revision: 2.1.3:2.1-maint:423/54b056d10dda59194d073b8904fcb9bf477c608b
2014-08-27 15:40:48.783+0000 INFO  [org.neo4j]:   Neo4j - Lucene Index (neo4j-lucene-index), version: 2.1.3; revision: 2.1.3:2.1-maint:423/54b056d10dda59194d073b8904fcb9bf477c608b
2014-08-27 15:40:48.783+0000 INFO  [org.neo4j]:   Neo4j - Graph Matching (neo4j-graph-matching), version: 2.1.3; revision: 2.1.3:2.1-maint:423/54b056d10dda59194d073b8904fcb9bf477c608b
2014-08-27 15:40:48.783+0000 INFO  [org.neo4j]:   Neo4j - Cypher (neo4j-cypher), version: 2.1.3; revision: 2.1.3:2.1-maint:423/54b056d10dda59194d073b8904fcb9bf477c608b
2014-08-27 15:40:48.783+0000 INFO  [org.neo4j]:   Neo4j - Graph Database Kernel (neo4j-kernel), version: 2.1.3; revision: 2.1.3:2.1-maint:423/54b056d10dda59194d073b8904fcb9bf477c608b
2014-08-27 15:40:48.783+0000 INFO  [org.neo4j]:   Neo4j - Cypher Compiler 2.0 (neo4j-cypher-compiler-2.0), version: 2.0.3; revision: 2.0.3:2.0-maint:72/307c563c11b75fdc71cfa6df05daf9b08d6c37dc
2014-08-27 15:40:48.783+0000 INFO  [org.neo4j]:   Neo4j - Graph Algorithms (neo4j-graph-algo), version: 2.1.3; revision: 2.1.3:2.1-maint:423/54b056d10dda59194d073b8904fcb9bf477c608b
2014-08-27 15:40:48.783+0000 INFO  [org.neo4j]:   Neo4j Community (neo4j), version: 2.1.3; revision: 2.1.3:2.1-maint:423/54b056d10dda59194d073b8904fcb9bf477c608b
2014-08-27 15:40:48.783+0000 INFO  [org.neo4j]:   Neo4j - Cypher Compiler 1.9 (neo4j-cypher-compiler-1.9), version: 2.0.3; revision: 2.0.3:2.0-maint:72/307c563c11b75fdc71cfa6df05daf9b08d6c37dc
2014-08-27 15:40:48.784+0000 INFO  [org.neo4j]:   neo4j-udc, version: 2.1.3; revision: 2.1.3:2.1-maint:423/54b056d10dda59194d073b8904fcb9bf477c608b
2014-08-27 15:40:48.784+0000 INFO  [org.neo4j]:   Neo4j - Cypher Commons (neo4j-cypher-commons), version: 2.1.3; revision: 2.1.3:2.1-maint:423/54b056d10dda59194d073b8904fcb9bf477c608b
2014-08-27 15:40:48.784+0000 INFO  [org.neo4j]: --- STARTED diagnostics for KernelDiagnostics:Versions END ---
2014-08-27 15:40:48.786+0000 INFO  [org.neo4j]: --- STARTED diagnostics for NEO_STORE_VERSIONS START ---
2014-08-27 15:40:48.786+0000 INFO  [org.neo4j]: Store versions:
    Store versions:
      NeoStore v0.A.3
      SchemaStore v0.A.3
      NodeStore v0.A.3
      RelationshipStore v0.A.3
      RelationshipTypeStore v0.A.3
      LabelTokenStore v0.A.3
      PropertyStore v0.A.3
      PropertyIndexStore v0.A.3
      StringPropertyStore v0.A.3
      ArrayPropertyStore v0.A.3
      RelationshipGroupStore v0.A.3
2014-08-27 15:40:48.786+0000 INFO  [org.neo4j]: --- STARTED diagnostics for NEO_STORE_VERSIONS END ---
2014-08-27 15:40:48.786+0000 INFO  [org.neo4j]: --- STARTED diagnostics for NEO_STORE_ID_USAGE START ---
2014-08-27 15:40:48.787+0000 INFO  [org.neo4j]: Id usage:
    Id usage:
      SchemaStore: used=1 high=0
      NodeStore: used=0 high=-1
      RelationshipStore: used=0 high=-1
      RelationshipTypeStore: used=0 high=-1
      LabelTokenStore: used=0 high=-1
      PropertyStore: used=0 high=-1
      PropertyIndexStore: used=0 high=-1
      StringPropertyStore: used=1 high=0
      ArrayPropertyStore: used=1 high=0
      RelationshipGroupStore: used=1 high=0
2014-08-27 15:40:48.787+0000 INFO  [org.neo4j]: --- STARTED diagnostics for NEO_STORE_ID_USAGE END ---
2014-08-27 15:40:48.787+0000 INFO  [org.neo4j]: --- STARTED diagnostics for PERSISTENCE_WINDOW_POOL_STATS START ---
2014-08-27 15:40:48.787+0000 INFO  [org.neo4j]: --- STARTED diagnostics for PERSISTENCE_WINDOW_POOL_STATS END ---
2014-08-27 15:40:48.788+0000 INFO  [org.neo4j]: --- STARTED diagnostics for KernelDiagnostics:StoreFiles START ---
2014-08-27 15:40:48.789+0000 INFO  [org.neo4j]: Disk space on partition (Total / Free / Free %): 127928365056 / 1330921472 / 1
Storage files: (filename : modification date - size)
      active_tx_log: 2014-08-27T18:40:48+0300 - 11,00 B
      index:
        lucene-store.db: 2014-08-27T18:40:48+0300 - 40,00 B
        lucene.log.1: 2014-08-27T18:40:48+0300 - 16,00 B
        lucene.log.active: 2014-08-27T18:40:48+0300 - 4,00 B
      - Total: 2014-08-27T18:40:48+0300 - 60,00 B
      lock: 2014-08-27T18:40:47+0300 - 0,00 B
      messages.log: 2014-08-27T18:40:47+0300 - 33,70 kB
      neostore: 2014-08-27T18:40:48+0300 - 63,00 B
      neostore.id: 2014-08-27T18:40:48+0300 - 9,00 B
      neostore.labeltokenstore.db: 2014-08-27T18:40:48+0300 - 0,00 B
      neostore.labeltokenstore.db.id: 2014-08-27T18:40:47+0300 - 9,00 B
      neostore.labeltokenstore.db.names: 2014-08-27T18:40:48+0300 - 38,00 B
      neostore.labeltokenstore.db.names.id: 2014-08-27T18:40:47+0300 - 9,00 B
      neostore.nodestore.db: 2014-08-27T18:40:48+0300 - 0,00 B
      neostore.nodestore.db.id: 2014-08-27T18:40:48+0300 - 9,00 B
      neostore.nodestore.db.labels: 2014-08-27T18:40:48+0300 - 68,00 B
      neostore.nodestore.db.labels.id: 2014-08-27T18:40:48+0300 - 9,00 B
      neostore.propertystore.db: 2014-08-27T18:40:48+0300 - 0,00 B
      neostore.propertystore.db.arrays: 2014-08-27T18:40:48+0300 - 128,00 B
      neostore.propertystore.db.arrays.id: 2014-08-27T18:40:48+0300 - 9,00 B
      neostore.propertystore.db.id: 2014-08-27T18:40:48+0300 - 9,00 B
      neostore.propertystore.db.index: 2014-08-27T18:40:48+0300 - 0,00 B
      neostore.propertystore.db.index.id: 2014-08-27T18:40:47+0300 - 9,00 B
      neostore.propertystore.db.index.keys: 2014-08-27T18:40:48+0300 - 38,00 B
      neostore.propertystore.db.index.keys.id: 2014-08-27T18:40:47+0300 - 9,00 B
      neostore.propertystore.db.strings: 2014-08-27T18:40:48+0300 - 128,00 B
      neostore.propertystore.db.strings.id: 2014-08-27T18:40:47+0300 - 9,00 B
      neostore.relationshipgroupstore.db: 2014-08-27T18:40:48+0300 - 25,00 B
      neostore.relationshipgroupstore.db.id: 2014-08-27T18:40:48+0300 - 9,00 B
      neostore.relationshipstore.db: 2014-08-27T18:40:48+0300 - 0,00 B
      neostore.relationshipstore.db.id: 2014-08-27T18:40:48+0300 - 9,00 B
      neostore.relationshiptypestore.db: 2014-08-27T18:40:48+0300 - 0,00 B
      neostore.relationshiptypestore.db.id: 2014-08-27T18:40:47+0300 - 9,00 B
      neostore.relationshiptypestore.db.names: 2014-08-27T18:40:48+0300 - 38,00 B
      neostore.relationshiptypestore.db.names.id: 2014-08-27T18:40:47+0300 - 9,00 B
      neostore.schemastore.db: 2014-08-27T18:40:48+0300 - 64,00 B
      neostore.schemastore.db.id: 2014-08-27T18:40:48+0300 - 9,00 B
      nioneo_logical.log.1: 2014-08-27T18:40:48+0300 - 16,00 B
      nioneo_logical.log.active: 2014-08-27T18:40:48+0300 - 4,00 B
      schema:
        label:
          lucene:
            write.lock: 2014-08-27T18:40:48+0300 - 0,00 B
          - Total: 2014-08-27T18:40:48+0300 - 0,00 B
        - Total: 2014-08-27T18:40:48+0300 - 0,00 B
      - Total: 2014-08-27T18:40:48+0300 - 0,00 B
      store_lock: 2014-08-27T18:40:47+0300 - 0,00 B
      tm_tx_log.1: 2014-08-27T18:40:48+0300 - 0,00 B
2014-08-27 15:40:48.799+0000 INFO  [org.neo4j]: --- STARTED diagnostics for KernelDiagnostics:StoreFiles END ---
2014-08-27 15:40:48.838+0000 INFO  [org.neo4j]: GC Monitor started. 
2014-08-27 15:40:48.838+0000 INFO  [org.neo4j]: Database is now ready
2014-08-27 15:40:49.905+0000 INFO  [org.neo4j]: Shutdown started
2014-08-27 15:40:49.905+0000 INFO  [org.neo4j]: Database is now unavailable
2014-08-27 15:40:49.905+0000 INFO  [org.neo4j]: GC Monitor stopped. 
2014-08-27 15:40:49.963+0000 INFO  [org.neo4j]: Closed log target\neo4j-hello-db\index\lucene.log
2014-08-27 15:40:49.968+0000 INFO  [org.neo4j]: TM shutting down
2014-08-27 15:40:50.020+0000 INFO  [org.neo4j]: Closed log target\neo4j-hello-db\nioneo_logical.log
2014-08-27 15:40:50.035+0000 INFO  [org.neo4j]: target\neo4j-hello-db\neostore.relationshiptypestore.db.names hit=0 miss=0 switches=0 ooe=0
2014-08-27 15:40:50.049+0000 INFO  [org.neo4j]: target\neo4j-hello-db\neostore.relationshiptypestore.db hit=0 miss=0 switches=0 ooe=0
2014-08-27 15:40:50.065+0000 INFO  [org.neo4j]: target\neo4j-hello-db\neostore.labeltokenstore.db.names hit=0 miss=0 switches=0 ooe=0
2014-08-27 15:40:50.080+0000 INFO  [org.neo4j]: target\neo4j-hello-db\neostore.labeltokenstore.db hit=0 miss=0 switches=0 ooe=0
2014-08-27 15:40:50.097+0000 INFO  [org.neo4j]: target\neo4j-hello-db\neostore.propertystore.db.strings hit=0 miss=0 switches=0 ooe=0
2014-08-27 15:40:50.113+0000 INFO  [org.neo4j]: target\neo4j-hello-db\neostore.propertystore.db.index.keys hit=0 miss=0 switches=0 ooe=0
2014-08-27 15:40:50.125+0000 INFO  [org.neo4j]: target\neo4j-hello-db\neostore.propertystore.db.index hit=0 miss=0 switches=0 ooe=0
2014-08-27 15:40:50.139+0000 INFO  [org.neo4j]: target\neo4j-hello-db\neostore.propertystore.db.arrays hit=0 miss=0 switches=0 ooe=0
2014-08-27 15:40:50.153+0000 INFO  [org.neo4j]: target\neo4j-hello-db\neostore.propertystore.db hit=0 miss=0 switches=0 ooe=0
2014-08-27 15:40:50.169+0000 INFO  [org.neo4j]: target\neo4j-hello-db\neostore.relationshipstore.db hit=0 miss=0 switches=0 ooe=0
2014-08-27 15:40:50.199+0000 INFO  [org.neo4j]: target\neo4j-hello-db\neostore.nodestore.db.labels hit=0 miss=0 switches=0 ooe=0
2014-08-27 15:40:50.212+0000 INFO  [org.neo4j]: target\neo4j-hello-db\neostore.nodestore.db hit=0 miss=0 switches=0 ooe=0
2014-08-27 15:40:50.227+0000 INFO  [org.neo4j]: target\neo4j-hello-db\neostore.schemastore.db hit=0 miss=0 switches=0 ooe=0
2014-08-27 15:40:50.245+0000 INFO  [org.neo4j]: target\neo4j-hello-db\neostore.relationshipgroupstore.db hit=0 miss=0 switches=0 ooe=0
2014-08-27 15:40:50.258+0000 INFO  [org.neo4j]: target\neo4j-hello-db\neostore hit=0 miss=14 switches=0 ooe=0
2014-08-27 15:40:50.271+0000 INFO  [org.neo4j]: NeoStore closed
2014-08-27 15:40:50.272+0000 INFO  [org.neo4j]: --- STOPPING diagnostics START ---
2014-08-27 15:40:50.272+0000 INFO  [org.neo4j]: --- STOPPING diagnostics END ---
